<?xml version="1.0" encoding="UTF-8"?>
<!-- Generated by org.testng.reporters.JUnitReportReporter -->
<testsuite hostname="selva_balaji18" failures="0" tests="4" name="com.AttendanceManagementTest.main.PermissionsTest" time="27.083" errors="0" timestamp="2025-02-23T17:17:51 IST" skipped="0">
  <testcase classname="com.AttendanceManagementTest.main.PermissionsTest" name="login" time="2.614"/>
  <system-out/>
  <testcase classname="com.AttendanceManagementTest.main.PermissionsTest" name="navigateToViewPermissions" time="6.645"/>
  <system-out/>
  <testcase classname="com.AttendanceManagementTest.main.PermissionsTest" name="navigateToEditPermissions" time="4.414"/>
  <system-out/>
  <testcase classname="com.AttendanceManagementTest.main.PermissionsTest" name="modifyPermissions" time="13.410"/>
  <system-out/>
</testsuite> <!-- com.AttendanceManagementTest.main.PermissionsTest -->
