<?xml version="1.0" encoding="UTF-8"?>
<!-- Generated by org.testng.reporters.JUnitReportReporter -->
<testsuite hostname="CPDK356" failures="0" tests="7" name="com.AttendanceManagementTest.main.LeaveTest" time="0.000" errors="0" timestamp="2025-02-25T14:17:08 IST" skipped="7">
  <testcase classname="com.AttendanceManagementTest.main.LeaveTest" name="testLeaveRequest" time="0.000">
    <skipped/>
  </testcase> <!-- testLeaveRequest -->
  <system-out/>
  <testcase classname="com.AttendanceManagementTest.main.LeaveTest" name="testAdminLogin" time="0.000">
    <skipped/>
  </testcase> <!-- testAdminLogin -->
  <system-out/>
  <testcase classname="com.AttendanceManagementTest.main.LeaveTest" name="testMarkAttendance" time="0.000">
    <skipped/>
  </testcase> <!-- testMarkAttendance -->
  <system-out/>
  <testcase classname="com.AttendanceManagementTest.main.LeaveTest" name="testViewAttendanceHistory" time="0.000">
    <skipped/>
  </testcase> <!-- testViewAttendanceHistory -->
  <system-out/>
  <testcase classname="com.AttendanceManagementTest.main.LeaveTest" name="testViewStudentAttendances" time="0.000">
    <skipped/>
  </testcase> <!-- testViewStudentAttendances -->
  <system-out/>
  <testcase classname="com.AttendanceManagementTest.main.LeaveTest" name="testViewTeacherAttendances" time="0.000">
    <skipped/>
  </testcase> <!-- testViewTeacherAttendances -->
  <system-out/>
  <testcase classname="com.AttendanceManagementTest.main.LeaveTest" name="testViewAllAttendances" time="0.000">
    <skipped/>
  </testcase> <!-- testViewAllAttendances -->
  <system-out/>
</testsuite> <!-- com.AttendanceManagementTest.main.LeaveTest -->
