<?xml version="1.0" encoding="UTF-8"?>
<!-- Generated by org.testng.reporters.JUnitReportReporter -->
<testsuite hostname="CPDK301" failures="0" tests="4" name="com.AttendanceManagementTest.main.RolesTest" time="14.239" errors="0" timestamp="2025-02-24T12:36:42 IST" skipped="0">
  <testcase classname="com.AttendanceManagementTest.main.RolesTest" name="testLogin" time="3.164"/>
  <system-out/>
  <testcase classname="com.AttendanceManagementTest.main.RolesTest" name="testAddRole" time="6.103"/>
  <system-out/>
  <testcase classname="com.AttendanceManagementTest.main.RolesTest" name="testEditRole" time="3.728"/>
  <system-out/>
  <testcase classname="com.AttendanceManagementTest.main.RolesTest" name="testDeleteRole" time="1.244"/>
  <system-out/>
</testsuite> <!-- com.AttendanceManagementTest.main.RolesTest -->
