<?xml version="1.0" encoding="UTF-8"?>
<!-- Generated by org.testng.reporters.JUnitReportReporter -->
<testsuite hostname="CPDK301" failures="0" tests="23" name="com.AttendanceManagementTest.main.Extent" time="0.006" errors="1" timestamp="2025-02-24T13:51:22 IST" skipped="22">
  <testcase classname="com.AttendanceManagementTest.main.Extent" name="setup" time="0.006">
    <error message="Unable to obtain: chromedriver, error chromedriver must exist: path\to\chromedriver
For documentation on this error, please visit: https://www.selenium.dev/documentation/webdriver/troubleshooting/errors/driver_location/
Build info: version: &#039;4.29.0&#039;, revision: &#039;5fc1ec94cb&#039;
System info: os.name: &#039;Windows 10&#039;, os.arch: &#039;amd64&#039;, os.version: &#039;10.0&#039;, java.version: &#039;21.0.4&#039;
Driver info: driver.version: ChromeDriver" type="org.openqa.selenium.remote.NoSuchDriverException">
      <![CDATA[org.openqa.selenium.remote.NoSuchDriverException: Unable to obtain: chromedriver, error chromedriver must exist: path\to\chromedriver
For documentation on this error, please visit: https://www.selenium.dev/documentation/webdriver/troubleshooting/errors/driver_location/
Build info: version: '4.29.0', revision: '5fc1ec94cb'
System info: os.name: 'Windows 10', os.arch: 'amd64', os.version: '10.0', java.version: '21.0.4'
Driver info: driver.version: ChromeDriver
at org.openqa.selenium.remote.service.DriverFinder.getBinaryPaths(DriverFinder.java:121)
at org.openqa.selenium.remote.service.DriverFinder.getDriverPath(DriverFinder.java:55)
at org.openqa.selenium.chrome.ChromeDriver.generateExecutor(ChromeDriver.java:99)
at org.openqa.selenium.chrome.ChromeDriver.<init>(ChromeDriver.java:88)
at org.openqa.selenium.chrome.ChromeDriver.<init>(ChromeDriver.java:83)
at org.openqa.selenium.chrome.ChromeDriver.<init>(ChromeDriver.java:51)
at com.AttendanceManagementTest.main.UsersTest.setup(UsersTest.java:20)
at java.base/jdk.internal.reflect.DirectMethodHandleAccessor.invoke(DirectMethodHandleAccessor.java:103)
at java.base/java.lang.reflect.Method.invoke(Method.java:580)
at org.testng.internal.MethodInvocationHelper.invokeMethod(MethodInvocationHelper.java:133)
at org.testng.internal.MethodInvocationHelper.invokeMethodConsideringTimeout(MethodInvocationHelper.java:62)
at org.testng.internal.ConfigInvoker.invokeConfigurationMethod(ConfigInvoker.java:385)
at org.testng.internal.ConfigInvoker.invokeConfigurations(ConfigInvoker.java:321)
at org.testng.TestRunner.invokeTestConfigurations(TestRunner.java:637)
at org.testng.TestRunner.beforeRun(TestRunner.java:627)
at org.testng.TestRunner.run(TestRunner.java:589)
at org.testng.SuiteRunner.runTest(SuiteRunner.java:377)
at org.testng.SuiteRunner.runSequentially(SuiteRunner.java:371)
at org.testng.SuiteRunner.privateRun(SuiteRunner.java:332)
at org.testng.SuiteRunner.run(SuiteRunner.java:276)
at org.testng.SuiteRunnerWorker.runSuite(SuiteRunnerWorker.java:53)
at org.testng.SuiteRunnerWorker.run(SuiteRunnerWorker.java:96)
at org.testng.TestNG.runSuitesSequentially(TestNG.java:1212)
at org.testng.TestNG.runSuitesLocally(TestNG.java:1134)
at org.testng.TestNG.runSuites(TestNG.java:1063)
at org.testng.TestNG.run(TestNG.java:1031)
at org.testng.remote.AbstractRemoteTestNG.run(AbstractRemoteTestNG.java:115)
at org.testng.remote.RemoteTestNG.initAndRun(RemoteTestNG.java:293)
at org.testng.remote.RemoteTestNG.main(RemoteTestNG.java:91)
Caused by: java.lang.IllegalStateException: chromedriver must exist: path\to\chromedriver
at org.openqa.selenium.internal.Require$PathStateChecker.isExecutable(Require.java:475)
at org.openqa.selenium.remote.service.DriverFinder.getBinaryPaths(DriverFinder.java:118)
... 28 more
]]>
    </error>
  </testcase> <!-- setup -->
  <system-out/>
  <testcase classname="com.AttendanceManagementTest.main.Extent" name="testLoginWithInvalidCredentials" time="0.000">
    <skipped/>
  </testcase> <!-- testLoginWithInvalidCredentials -->
  <system-out/>
  <testcase classname="com.AttendanceManagementTest.main.Extent" name="testLogin" time="0.000">
    <skipped/>
  </testcase> <!-- testLogin -->
  <system-out/>
  <testcase classname="com.AttendanceManagementTest.main.Extent" name="testAdminLogin" time="0.000">
    <skipped/>
  </testcase> <!-- testAdminLogin -->
  <system-out/>
  <testcase classname="com.AttendanceManagementTest.main.Extent" name="login" time="0.000">
    <skipped/>
  </testcase> <!-- login -->
  <system-out/>
  <testcase classname="com.AttendanceManagementTest.main.Extent" name="testLeaveRequest" time="0.000">
    <skipped/>
  </testcase> <!-- testLeaveRequest -->
  <system-out/>
  <testcase classname="com.AttendanceManagementTest.main.Extent" name="testMarkAttendance" time="0.000">
    <skipped/>
  </testcase> <!-- testMarkAttendance -->
  <system-out/>
  <testcase classname="com.AttendanceManagementTest.main.Extent" name="testForgotPassword" time="0.000">
    <skipped/>
  </testcase> <!-- testForgotPassword -->
  <system-out/>
  <testcase classname="com.AttendanceManagementTest.main.Extent" name="testAddRole" time="0.000">
    <skipped/>
  </testcase> <!-- testAddRole -->
  <system-out/>
  <testcase classname="com.AttendanceManagementTest.main.Extent" name="testViewUsers" time="0.000">
    <skipped/>
  </testcase> <!-- testViewUsers -->
  <system-out/>
  <testcase classname="com.AttendanceManagementTest.main.Extent" name="navigateToViewPermissions" time="0.000">
    <skipped/>
  </testcase> <!-- navigateToViewPermissions -->
  <system-out/>
  <testcase classname="com.AttendanceManagementTest.main.Extent" name="navigateToEditPermissions" time="0.000">
    <skipped/>
  </testcase> <!-- navigateToEditPermissions -->
  <system-out/>
  <testcase classname="com.AttendanceManagementTest.main.Extent" name="testNewUserRegistration" time="0.000">
    <skipped/>
  </testcase> <!-- testNewUserRegistration -->
  <system-out/>
  <testcase classname="com.AttendanceManagementTest.main.Extent" name="testApproveRejectUsers" time="0.000">
    <skipped/>
  </testcase> <!-- testApproveRejectUsers -->
  <system-out/>
  <testcase classname="com.AttendanceManagementTest.main.Extent" name="testEditRole" time="0.000">
    <skipped/>
  </testcase> <!-- testEditRole -->
  <system-out/>
  <testcase classname="com.AttendanceManagementTest.main.Extent" name="testViewAttendanceHistory" time="0.000">
    <skipped/>
  </testcase> <!-- testViewAttendanceHistory -->
  <system-out/>
  <testcase classname="com.AttendanceManagementTest.main.Extent" name="testDeleteRole" time="0.000">
    <skipped/>
  </testcase> <!-- testDeleteRole -->
  <system-out/>
  <testcase classname="com.AttendanceManagementTest.main.Extent" name="testViewStudentAttendances" time="0.000">
    <skipped/>
  </testcase> <!-- testViewStudentAttendances -->
  <system-out/>
  <testcase classname="com.AttendanceManagementTest.main.Extent" name="testLoginAsStudent" time="0.000">
    <skipped/>
  </testcase> <!-- testLoginAsStudent -->
  <system-out/>
  <testcase classname="com.AttendanceManagementTest.main.Extent" name="modifyPermissions" time="0.000">
    <skipped/>
  </testcase> <!-- modifyPermissions -->
  <system-out/>
  <testcase classname="com.AttendanceManagementTest.main.Extent" name="testApplyForLeave" time="0.000">
    <skipped/>
  </testcase> <!-- testApplyForLeave -->
  <system-out/>
  <testcase classname="com.AttendanceManagementTest.main.Extent" name="testViewTeacherAttendances" time="0.000">
    <skipped/>
  </testcase> <!-- testViewTeacherAttendances -->
  <system-out/>
  <testcase classname="com.AttendanceManagementTest.main.Extent" name="testViewAllAttendances" time="0.000">
    <skipped/>
  </testcase> <!-- testViewAllAttendances -->
  <system-out/>
</testsuite> <!-- com.AttendanceManagementTest.main.Extent -->
