<?xml version="1.0" encoding="UTF-8"?>
<!-- Generated by org.testng.reporters.JUnitXMLReporter -->
<testsuite ignored="0" hostname="selva_balaji18" failures="0" tests="23" name="Test" time="2.179" errors="0" timestamp="2025-02-25T08:42:56 IST">
  <testcase classname="com.AttendanceManagementTest.main.UsersTest" name="@BeforeTest setup" time="0.005">
    <failure type="org.openqa.selenium.remote.NoSuchDriverException" message="Unable to obtain: chromedriver, error chromedriver must exist: path\to\chromedriver
For documentation on this error, please visit: https://www.selenium.dev/documentation/webdriver/troubleshooting/errors/driver_location/
Build info: version: &amp;apos;4.29.0&amp;apos;, revision: &amp;apos;5fc1ec94cb&amp;apos;
System info: os.name: &amp;apos;Windows 11&amp;apos;, os.arch: &amp;apos;amd64&amp;apos;, os.version: &amp;apos;10.0&amp;apos;, java.version: &amp;apos;23.0.1&amp;apos;
Driver info: driver.version: ChromeDriver">
      <![CDATA[org.openqa.selenium.remote.NoSuchDriverException: Unable to obtain: chromedriver, error chromedriver must exist: path\to\chromedriver
For documentation on this error, please visit: https://www.selenium.dev/documentation/webdriver/troubleshooting/errors/driver_location/
Build info: version: '4.29.0', revision: '5fc1ec94cb'
System info: os.name: 'Windows 11', os.arch: 'amd64', os.version: '10.0', java.version: '23.0.1'
Driver info: driver.version: ChromeDriver
at org.openqa.selenium.remote.service.DriverFinder.getBinaryPaths(DriverFinder.java:121)
at org.openqa.selenium.remote.service.DriverFinder.getDriverPath(DriverFinder.java:55)
at org.openqa.selenium.chrome.ChromeDriver.generateExecutor(ChromeDriver.java:99)
at org.openqa.selenium.chrome.ChromeDriver.<init>(ChromeDriver.java:88)
at org.openqa.selenium.chrome.ChromeDriver.<init>(ChromeDriver.java:83)
at org.openqa.selenium.chrome.ChromeDriver.<init>(ChromeDriver.java:51)
at com.AttendanceManagementTest.main.UsersTest.setup(UsersTest.java:20)
Caused by: java.lang.IllegalStateException: chromedriver must exist: path\to\chromedriver
at org.openqa.selenium.internal.Require$PathStateChecker.isExecutable(Require.java:475)
at org.openqa.selenium.remote.service.DriverFinder.getBinaryPaths(DriverFinder.java:118)
... 28 more
... Removed 22 stack frames]]>
    </failure>
  </testcase> <!-- @BeforeTest setup -->
  <testcase classname="com.AttendanceManagementTest.main.PermissionsTest" name="@BeforeClass setup" time="-1.740453175878E9">
    <skipped/>
  </testcase> <!-- @BeforeClass setup -->
  <testcase classname="com.AttendanceManagementTest.main.PermissionsTest" name="@AfterClass teardown" time="-1.740453175896E9">
    <skipped/>
  </testcase> <!-- @AfterClass teardown -->
  <testcase classname="com.AttendanceManagementTest.main.LeaveTest" name="@BeforeClass setUp" time="-1.740453175897E9">
    <skipped/>
  </testcase> <!-- @BeforeClass setUp -->
  <testcase classname="com.AttendanceManagementTest.main.LeaveTest" name="@AfterClass tearDown" time="-1.740453175901E9">
    <skipped/>
  </testcase> <!-- @AfterClass tearDown -->
  <testcase classname="com.AttendanceManagementTest.main.UserTest" name="@BeforeClass setUp" time="-1.740453175901E9">
    <skipped/>
  </testcase> <!-- @BeforeClass setUp -->
  <testcase classname="com.AttendanceManagementTest.main.UserTest" name="@AfterClass tearDown" time="-1.740453175919E9">
    <skipped/>
  </testcase> <!-- @AfterClass tearDown -->
  <testcase classname="com.AttendanceManagementTest.main.RolesTest" name="@BeforeClass setUp" time="-1.74045317592E9">
    <skipped/>
  </testcase> <!-- @BeforeClass setUp -->
  <testcase classname="com.AttendanceManagementTest.main.RolesTest" name="@AfterClass tearDown" time="-1.740453175931E9">
    <skipped/>
  </testcase> <!-- @AfterClass tearDown -->
  <testcase classname="com.AttendanceManagementTest.main.UsersTest" name="@AfterTest tearDown" time="-1.740453175932E9">
    <skipped/>
  </testcase> <!-- @AfterTest tearDown -->
  <testcase classname="com.AttendanceManagementTest.main.UsersTest" name="testLogin" time="0.0">
    <skipped/>
  </testcase> <!-- testLogin -->
  <testcase classname="com.AttendanceManagementTest.main.UsersTest" name="testViewUsers" time="0.0">
    <skipped/>
  </testcase> <!-- testViewUsers -->
  <testcase classname="com.AttendanceManagementTest.main.UsersTest" name="testApproveRejectUsers" time="0.0">
    <skipped/>
  </testcase> <!-- testApproveRejectUsers -->
  <testcase classname="com.AttendanceManagementTest.main.AttendanceTest" name="testAdminLogin" time="0.0">
    <skipped/>
  </testcase> <!-- testAdminLogin -->
  <testcase classname="com.AttendanceManagementTest.main.AttendanceTest" name="testMarkAttendance" time="0.0">
    <skipped/>
  </testcase> <!-- testMarkAttendance -->
  <testcase classname="com.AttendanceManagementTest.main.AttendanceTest" name="testViewAttendanceHistory" time="0.0">
    <skipped/>
  </testcase> <!-- testViewAttendanceHistory -->
  <testcase classname="com.AttendanceManagementTest.main.AttendanceTest" name="testViewStudentAttendances" time="0.0">
    <skipped/>
  </testcase> <!-- testViewStudentAttendances -->
  <testcase classname="com.AttendanceManagementTest.main.AttendanceTest" name="testViewTeacherAttendances" time="0.0">
    <skipped/>
  </testcase> <!-- testViewTeacherAttendances -->
  <testcase classname="com.AttendanceManagementTest.main.AttendanceTest" name="testViewAllAttendances" time="0.0">
    <skipped/>
  </testcase> <!-- testViewAllAttendances -->
  <testcase classname="com.AttendanceManagementTest.main.PermissionsTest" name="login" time="0.0">
    <skipped/>
  </testcase> <!-- login -->
  <testcase classname="com.AttendanceManagementTest.main.PermissionsTest" name="navigateToViewPermissions" time="0.0">
    <skipped/>
  </testcase> <!-- navigateToViewPermissions -->
  <testcase classname="com.AttendanceManagementTest.main.PermissionsTest" name="navigateToEditPermissions" time="0.0">
    <skipped/>
  </testcase> <!-- navigateToEditPermissions -->
  <testcase classname="com.AttendanceManagementTest.main.PermissionsTest" name="modifyPermissions" time="0.0">
    <skipped/>
  </testcase> <!-- modifyPermissions -->
  <testcase classname="com.AttendanceManagementTest.main.LeaveTest" name="testLeaveRequest" time="0.0">
    <skipped/>
  </testcase> <!-- testLeaveRequest -->
  <testcase classname="com.AttendanceManagementTest.main.UserTest" name="testLoginWithInvalidCredentials" time="0.0">
    <skipped/>
  </testcase> <!-- testLoginWithInvalidCredentials -->
  <testcase classname="com.AttendanceManagementTest.main.UserTest" name="testForgotPassword" time="0.0">
    <skipped/>
  </testcase> <!-- testForgotPassword -->
  <testcase classname="com.AttendanceManagementTest.main.UserTest" name="testNewUserRegistration" time="0.0">
    <skipped/>
  </testcase> <!-- testNewUserRegistration -->
  <testcase classname="com.AttendanceManagementTest.main.UserTest" name="testLoginAsStudent" time="0.0">
    <skipped/>
  </testcase> <!-- testLoginAsStudent -->
  <testcase classname="com.AttendanceManagementTest.main.UserTest" name="testApplyForLeave" time="0.0">
    <skipped/>
  </testcase> <!-- testApplyForLeave -->
  <testcase classname="com.AttendanceManagementTest.main.RolesTest" name="testLogin" time="0.0">
    <skipped/>
  </testcase> <!-- testLogin -->
  <testcase classname="com.AttendanceManagementTest.main.RolesTest" name="testAddRole" time="0.0">
    <skipped/>
  </testcase> <!-- testAddRole -->
  <testcase classname="com.AttendanceManagementTest.main.RolesTest" name="testEditRole" time="0.0">
    <skipped/>
  </testcase> <!-- testEditRole -->
  <testcase classname="com.AttendanceManagementTest.main.RolesTest" name="testDeleteRole" time="0.0">
    <skipped/>
  </testcase> <!-- testDeleteRole -->
</testsuite> <!-- Test -->
